<?xml version="1.0" encoding="UTF-8"?>
<!-- Generated by org.testng.reporters.JUnitXMLReporter -->
<testsuite ignored="0" hostname="DESKTOP-RRCLLNI" failures="0" tests="2" name="Test" time="0.48" errors="0" timestamp="2023-04-06T23:35:06 IST">
  <testcase classname="com.demowebshop.automation.generic.Base_Class" name="@BeforeMethod openapp" time="0.248">
    <failure type="java.lang.IllegalStateException" message="The driver executable does not exist: D:\Eclipse IDE\BasicHybridFramework\https:\demowebshop.tricentis.com">
      <![CDATA[java.lang.IllegalStateException: The driver executable does not exist: D:\Eclipse IDE\BasicHybridFramework\https:\demowebshop.tricentis.com
at com.google.common.base.Preconditions.checkState(Preconditions.java:585)
at org.openqa.selenium.remote.service.DriverService.checkExecutable(DriverService.java:146)
at org.openqa.selenium.remote.service.DriverService.findExecutable(DriverService.java:141)
at org.openqa.selenium.firefox.GeckoDriverService.access$100(GeckoDriverService.java:44)
at org.openqa.selenium.firefox.GeckoDriverService$Builder.findDefaultExecutable(GeckoDriverService.java:167)
at org.openqa.selenium.remote.service.DriverService$Builder.build(DriverService.java:355)
at org.openqa.selenium.firefox.FirefoxDriver.toExecutor(FirefoxDriver.java:190)
at org.openqa.selenium.firefox.FirefoxDriver.<init>(FirefoxDriver.java:147)
at org.openqa.selenium.firefox.FirefoxDriver.<init>(FirefoxDriver.java:125)
at com.demowebshop.automation.generic.Base_Class.openapp(Base_Class.java:19)
at java.base/java.util.ArrayList.forEach(ArrayList.java:1511)
... Removed 31 stack frames]]>
    </failure>
  </testcase> <!-- @BeforeMethod openapp -->
  <testcase classname="com.demowebshop.automation.generic.Base_Class" name="@AfterMethod closeapp" time="-1.680804305775E9">
    <skipped/>
  </testcase> <!-- @AfterMethod closeapp -->
  <testcase classname="com.demowebshop.automation.generic.Base_Class" name="@BeforeMethod openapp" time="-1.680804305794E9">
    <skipped/>
  </testcase> <!-- @BeforeMethod openapp -->
  <testcase classname="com.demowebshop.automation.generic.Base_Class" name="@AfterMethod closeapp" time="-1.680804305847E9">
    <skipped/>
  </testcase> <!-- @AfterMethod closeapp -->
  <testcase classname="com.demowebshop.automation.testscripts.TS_login" name="loginScript" time="0.0">
    <skipped/>
  </testcase> <!-- loginScript -->
  <testcase classname="com.demowebshop.automation.testscripts.TS_login" name="loginScript" time="0.0">
    <skipped/>
  </testcase> <!-- loginScript -->
</testsuite> <!-- Test -->
